2025-03-03 22:02:57,987 - INFO - launcher - Logs will be saved to: c:\Users\clubs\Desktop\Prediction Model\Data\logs\launcher_20250303_220257.log
2025-03-03 22:03:00,394 - INFO - Scripts.dashboard_shutdown - Dashboard shutdown handlers initialized
2025-03-03 22:03:00,397 - INFO - launcher - Launcher initialized
2025-03-03 22:03:10,725 - INFO - launcher - Starting dashboard on port 8501...
2025-03-03 22:03:10,742 - INFO - launcher - Starting log monitor for dashboard
2025-03-03 22:03:13,538 - INFO - launcher - dashboard | 
2025-03-03 22:03:13,539 - INFO - launcher - dashboard | You can now view your Streamlit app in your browser.
2025-03-03 22:03:13,541 - INFO - launcher - dashboard | 
2025-03-03 22:03:13,542 - INFO - launcher - dashboard | URL: http://localhost:8501
2025-03-03 22:03:13,542 - INFO - launcher - dashboard | 
2025-03-03 22:03:14,757 - INFO - launcher - Dashboard started on http://localhost:8501
2025-03-03 22:03:20,958 - INFO - launcher - Starting data processor...
2025-03-03 22:03:21,351 - INFO - Scripts.data_manager - Starting data processor for tickers: ['ETH-USD', 'BTC-USD', 'LINK-USD', 'LTC-USD', 'AAVE-USD', 'AVAX-USD', 'SOL-USD', 'MATIC-USD', 'RVN-USD', 'GOOGL', 'T', 'AMZN', 'NVDA', 'MSFT', 'META', 'STLA', 'AMD', 'INTC', 'SQ', 'NET', 'ZM', 'ROKU', 'AAPL', 'TSLA', 'NFLX', 'SPY', 'ARK', 'KBWB', 'XLC']
2025-03-03 22:03:21,351 - INFO - launcher - Data processor started for tickers: ['ETH-USD', 'BTC-USD', 'LINK-USD', 'LTC-USD', 'AAVE-USD', 'AVAX-USD', 'SOL-USD', 'MATIC-USD', 'RVN-USD', 'GOOGL', 'T', 'AMZN', 'NVDA', 'MSFT', 'META', 'STLA', 'AMD', 'INTC', 'SQ', 'NET', 'ZM', 'ROKU', 'AAPL', 'TSLA', 'NFLX', 'SPY', 'ARK', 'KBWB', 'XLC']
2025-03-03 22:03:21,353 - INFO - Scripts.data_manager - Beginning data refresh cycle for 29 tickers
2025-03-03 22:03:21,354 - INFO - Scripts.data_manager - Processing ETH-USD (1/29)
2025-03-03 22:03:21,355 - INFO - Scripts.data_manager - Fetching data from Finnhub for ETH-USD with interval 1d
2025-03-03 22:03:22,001 - ERROR - Scripts.data_manager - Error fetching data from Finnhub for ETH-USD: FinnhubAPIException(status_code: 403): You don't have access to this resource.
2025-03-03 22:03:22,003 - INFO - Scripts.data_manager - Falling back to YFinance for ETH-USD
2025-03-03 22:03:22,004 - INFO - Scripts.data_manager - Fetching data from YFinance for ETH-USD with interval 1d
2025-03-03 22:03:22,810 - ERROR - Scripts.data_manager - Error fetching data from YFinance for ETH-USD: YFinance returned empty data for ETH-USD
Traceback (most recent call last):
  File "c:\Users\clubs\Desktop\Prediction Model\Scripts\data_manager.py", line 219, in fetch_ticker_data_yfinance
    raise DataFetchError(f"YFinance returned empty data for {ticker}")
Scripts.data_manager.DataFetchError: YFinance returned empty data for ETH-USD

2025-03-03 22:03:22,813 - WARNING - Scripts.data_manager - Fetch attempt 1 failed for ETH-USD: Failed to fetch data from YFinance for ETH-USD: YFinance returned empty data for ETH-USD
2025-03-03 22:03:22,814 - INFO - Scripts.data_manager - Retrying in 2 seconds...
2025-03-03 22:03:24,698 - INFO - launcher - Starting model training...
2025-03-03 22:03:24,709 - INFO - launcher - Starting log monitor for model_training
2025-03-03 22:03:24,709 - INFO - launcher - Model training started
2025-03-03 22:03:24,774 - ERROR - launcher - model_training stderr | C:\Users\clubs\anaconda3\envs\ml_env\python.exe: can't open file 'C:\\Users\\clubs\\Desktop\\Prediction Model\\optimization_handler.py': [Errno 2] No such file or directory
2025-03-03 22:03:24,776 - INFO - launcher - Log monitor for model_training stopped
2025-03-03 22:03:24,818 - INFO - Scripts.data_manager - Fetching data from Finnhub for ETH-USD with interval 1d
2025-03-03 22:03:25,410 - ERROR - Scripts.data_manager - Error fetching data from Finnhub for ETH-USD: FinnhubAPIException(status_code: 403): You don't have access to this resource.
2025-03-03 22:03:25,413 - INFO - Scripts.data_manager - Falling back to YFinance for ETH-USD
2025-03-03 22:03:25,413 - INFO - Scripts.data_manager - Fetching data from YFinance for ETH-USD with interval 1d
2025-03-03 22:03:26,194 - ERROR - Scripts.data_manager - Error fetching data from YFinance for ETH-USD: YFinance returned empty data for ETH-USD
Traceback (most recent call last):
  File "c:\Users\clubs\Desktop\Prediction Model\Scripts\data_manager.py", line 219, in fetch_ticker_data_yfinance
    raise DataFetchError(f"YFinance returned empty data for {ticker}")
Scripts.data_manager.DataFetchError: YFinance returned empty data for ETH-USD

2025-03-03 22:03:26,197 - WARNING - Scripts.data_manager - Fetch attempt 2 failed for ETH-USD: Failed to fetch data from YFinance for ETH-USD: YFinance returned empty data for ETH-USD
2025-03-03 22:03:26,198 - INFO - Scripts.data_manager - Retrying in 4 seconds...
2025-03-03 22:03:29,789 - INFO - launcher - Starting model training...
2025-03-03 22:03:29,802 - INFO - launcher - Starting log monitor for model_training
2025-03-03 22:03:29,802 - INFO - launcher - Model training started
2025-03-03 22:03:29,860 - ERROR - launcher - model_training stderr | C:\Users\clubs\anaconda3\envs\ml_env\python.exe: can't open file 'C:\\Users\\clubs\\Desktop\\Prediction Model\\optimization_handler.py': [Errno 2] No such file or directory
2025-03-03 22:03:29,862 - INFO - launcher - Log monitor for model_training stopped
2025-03-03 22:03:30,213 - INFO - Scripts.data_manager - Fetching data from Finnhub for ETH-USD with interval 1d
2025-03-03 22:03:30,777 - ERROR - Scripts.data_manager - Error fetching data from Finnhub for ETH-USD: FinnhubAPIException(status_code: 403): You don't have access to this resource.
2025-03-03 22:03:30,780 - INFO - Scripts.data_manager - Falling back to YFinance for ETH-USD
2025-03-03 22:03:30,781 - INFO - Scripts.data_manager - Fetching data from YFinance for ETH-USD with interval 1d
2025-03-03 22:03:31,380 - ERROR - Scripts.data_manager - Error fetching data from YFinance for ETH-USD: YFinance returned empty data for ETH-USD
Traceback (most recent call last):
  File "c:\Users\clubs\Desktop\Prediction Model\Scripts\data_manager.py", line 219, in fetch_ticker_data_yfinance
    raise DataFetchError(f"YFinance returned empty data for {ticker}")
Scripts.data_manager.DataFetchError: YFinance returned empty data for ETH-USD

2025-03-03 22:03:31,382 - WARNING - Scripts.data_manager - Fetch attempt 3 failed for ETH-USD: Failed to fetch data from YFinance for ETH-USD: YFinance returned empty data for ETH-USD
2025-03-03 22:03:31,383 - INFO - Scripts.data_manager - Retrying in 8 seconds...
2025-03-03 22:03:39,386 - INFO - Scripts.data_manager - Fetching data from Finnhub for ETH-USD with interval 1d
2025-03-03 22:03:39,975 - ERROR - Scripts.data_manager - Error fetching data from Finnhub for ETH-USD: FinnhubAPIException(status_code: 403): You don't have access to this resource.
2025-03-03 22:03:39,977 - INFO - Scripts.data_manager - Falling back to YFinance for ETH-USD
2025-03-03 22:03:39,978 - INFO - Scripts.data_manager - Fetching data from YFinance for ETH-USD with interval 1d
2025-03-03 22:03:40,600 - ERROR - Scripts.data_manager - Error fetching data from YFinance for ETH-USD: YFinance returned empty data for ETH-USD
Traceback (most recent call last):
  File "c:\Users\clubs\Desktop\Prediction Model\Scripts\data_manager.py", line 219, in fetch_ticker_data_yfinance
    raise DataFetchError(f"YFinance returned empty data for {ticker}")
Scripts.data_manager.DataFetchError: YFinance returned empty data for ETH-USD

2025-03-03 22:03:40,603 - WARNING - Scripts.data_manager - Fetch attempt 4 failed for ETH-USD: Failed to fetch data from YFinance for ETH-USD: YFinance returned empty data for ETH-USD
2025-03-03 22:03:40,604 - ERROR - Scripts.data_manager - All 4 attempts failed for ETH-USD
2025-03-03 22:03:40,605 - ERROR - Scripts.data_manager - Error processing ticker ETH-USD: Failed to fetch data after 4 attempts
2025-03-03 22:03:40,606 - INFO - Scripts.data_manager - Processing BTC-USD (2/29)
2025-03-03 22:03:40,607 - INFO - Scripts.data_manager - Fetching data from Finnhub for BTC-USD with interval 1d
2025-03-03 22:03:41,153 - ERROR - Scripts.data_manager - Error fetching data from Finnhub for BTC-USD: FinnhubAPIException(status_code: 403): You don't have access to this resource.
2025-03-03 22:03:41,156 - INFO - Scripts.data_manager - Falling back to YFinance for BTC-USD
2025-03-03 22:03:41,157 - INFO - Scripts.data_manager - Fetching data from YFinance for BTC-USD with interval 1d
2025-03-03 22:03:41,734 - ERROR - Scripts.data_manager - Error fetching data from YFinance for BTC-USD: YFinance returned empty data for BTC-USD
Traceback (most recent call last):
  File "c:\Users\clubs\Desktop\Prediction Model\Scripts\data_manager.py", line 219, in fetch_ticker_data_yfinance
    raise DataFetchError(f"YFinance returned empty data for {ticker}")
Scripts.data_manager.DataFetchError: YFinance returned empty data for BTC-USD

2025-03-03 22:03:41,739 - WARNING - Scripts.data_manager - Fetch attempt 1 failed for BTC-USD: Failed to fetch data from YFinance for BTC-USD: YFinance returned empty data for BTC-USD
2025-03-03 22:03:41,741 - INFO - Scripts.data_manager - Retrying in 2 seconds...
2025-03-03 22:03:43,747 - INFO - Scripts.data_manager - Fetching data from Finnhub for BTC-USD with interval 1d
2025-03-03 22:03:44,297 - ERROR - Scripts.data_manager - Error fetching data from Finnhub for BTC-USD: FinnhubAPIException(status_code: 403): You don't have access to this resource.
2025-03-03 22:03:44,301 - INFO - Scripts.data_manager - Falling back to YFinance for BTC-USD
2025-03-03 22:03:44,301 - INFO - Scripts.data_manager - Fetching data from YFinance for BTC-USD with interval 1d
2025-03-03 22:03:44,925 - ERROR - Scripts.data_manager - Error fetching data from YFinance for BTC-USD: YFinance returned empty data for BTC-USD
Traceback (most recent call last):
  File "c:\Users\clubs\Desktop\Prediction Model\Scripts\data_manager.py", line 219, in fetch_ticker_data_yfinance
    raise DataFetchError(f"YFinance returned empty data for {ticker}")
Scripts.data_manager.DataFetchError: YFinance returned empty data for BTC-USD

2025-03-03 22:03:44,928 - WARNING - Scripts.data_manager - Fetch attempt 2 failed for BTC-USD: Failed to fetch data from YFinance for BTC-USD: YFinance returned empty data for BTC-USD
2025-03-03 22:03:44,929 - INFO - Scripts.data_manager - Retrying in 4 seconds...
2025-03-03 22:03:48,933 - INFO - Scripts.data_manager - Fetching data from Finnhub for BTC-USD with interval 1d
2025-03-03 22:03:49,500 - ERROR - Scripts.data_manager - Error fetching data from Finnhub for BTC-USD: FinnhubAPIException(status_code: 403): You don't have access to this resource.
2025-03-03 22:03:49,503 - INFO - Scripts.data_manager - Falling back to YFinance for BTC-USD
2025-03-03 22:03:49,504 - INFO - Scripts.data_manager - Fetching data from YFinance for BTC-USD with interval 1d
2025-03-03 22:03:50,117 - ERROR - Scripts.data_manager - Error fetching data from YFinance for BTC-USD: YFinance returned empty data for BTC-USD
Traceback (most recent call last):
  File "c:\Users\clubs\Desktop\Prediction Model\Scripts\data_manager.py", line 219, in fetch_ticker_data_yfinance
    raise DataFetchError(f"YFinance returned empty data for {ticker}")
Scripts.data_manager.DataFetchError: YFinance returned empty data for BTC-USD

2025-03-03 22:03:50,120 - WARNING - Scripts.data_manager - Fetch attempt 3 failed for BTC-USD: Failed to fetch data from YFinance for BTC-USD: YFinance returned empty data for BTC-USD
2025-03-03 22:03:50,121 - INFO - Scripts.data_manager - Retrying in 8 seconds...
2025-03-03 22:03:58,124 - INFO - Scripts.data_manager - Fetching data from Finnhub for BTC-USD with interval 1d
2025-03-03 22:03:58,671 - ERROR - Scripts.data_manager - Error fetching data from Finnhub for BTC-USD: FinnhubAPIException(status_code: 403): You don't have access to this resource.
2025-03-03 22:03:58,675 - INFO - Scripts.data_manager - Falling back to YFinance for BTC-USD
2025-03-03 22:03:58,676 - INFO - Scripts.data_manager - Fetching data from YFinance for BTC-USD with interval 1d
2025-03-03 22:03:59,324 - ERROR - Scripts.data_manager - Error fetching data from YFinance for BTC-USD: YFinance returned empty data for BTC-USD
Traceback (most recent call last):
  File "c:\Users\clubs\Desktop\Prediction Model\Scripts\data_manager.py", line 219, in fetch_ticker_data_yfinance
    raise DataFetchError(f"YFinance returned empty data for {ticker}")
Scripts.data_manager.DataFetchError: YFinance returned empty data for BTC-USD

2025-03-03 22:03:59,327 - WARNING - Scripts.data_manager - Fetch attempt 4 failed for BTC-USD: Failed to fetch data from YFinance for BTC-USD: YFinance returned empty data for BTC-USD
2025-03-03 22:03:59,328 - ERROR - Scripts.data_manager - All 4 attempts failed for BTC-USD
2025-03-03 22:03:59,328 - ERROR - Scripts.data_manager - Error processing ticker BTC-USD: Failed to fetch data after 4 attempts
2025-03-03 22:03:59,329 - INFO - Scripts.data_manager - Processing LINK-USD (3/29)
2025-03-03 22:03:59,330 - INFO - Scripts.data_manager - Fetching data from Finnhub for LINK-USD with interval 1d
2025-03-03 22:03:59,904 - ERROR - Scripts.data_manager - Error fetching data from Finnhub for LINK-USD: FinnhubAPIException(status_code: 403): You don't have access to this resource.
2025-03-03 22:03:59,907 - INFO - Scripts.data_manager - Falling back to YFinance for LINK-USD
2025-03-03 22:03:59,907 - INFO - Scripts.data_manager - Fetching data from YFinance for LINK-USD with interval 1d
2025-03-03 22:04:00,507 - ERROR - Scripts.data_manager - Error fetching data from YFinance for LINK-USD: YFinance returned empty data for LINK-USD
Traceback (most recent call last):
  File "c:\Users\clubs\Desktop\Prediction Model\Scripts\data_manager.py", line 219, in fetch_ticker_data_yfinance
    raise DataFetchError(f"YFinance returned empty data for {ticker}")
Scripts.data_manager.DataFetchError: YFinance returned empty data for LINK-USD

2025-03-03 22:04:00,510 - WARNING - Scripts.data_manager - Fetch attempt 1 failed for LINK-USD: Failed to fetch data from YFinance for LINK-USD: YFinance returned empty data for LINK-USD
2025-03-03 22:04:00,510 - INFO - Scripts.data_manager - Retrying in 2 seconds...
2025-03-03 22:04:02,102 - INFO - Scripts.robust_handler - Received signal SIGINT
2025-03-03 22:04:02,103 - INFO - Scripts.robust_handler - Initiating graceful shutdown (source: Signal SIGINT)
2025-03-03 22:04:02,105 - INFO - Scripts.robust_handler - Running shutdown callback: cleanup_dashboard_components
2025-03-03 22:04:02,106 - INFO - Scripts.dashboard_shutdown - Dashboard cleanup completed
2025-03-03 22:04:02,107 - INFO - Scripts.robust_handler - Running shutdown callback: cleanup
2025-03-03 22:04:02,109 - INFO - launcher - Cleaning up launcher resources...
2025-03-03 22:04:02,109 - INFO - launcher - Terminating process: dashboard
2025-03-03 22:04:02,147 - INFO - launcher - Log monitor for dashboard stopped
2025-03-03 22:04:02,199 - INFO - launcher - Waiting for thread to finish: data_processor
2025-03-03 22:04:02,514 - INFO - Scripts.data_manager - Fetching data from Finnhub for LINK-USD with interval 1d
2025-03-03 22:04:03,192 - ERROR - Scripts.data_manager - Error fetching data from Finnhub for LINK-USD: FinnhubAPIException(status_code: 403): You don't have access to this resource.
2025-03-03 22:04:03,195 - INFO - Scripts.data_manager - Falling back to YFinance for LINK-USD
2025-03-03 22:04:03,196 - INFO - Scripts.data_manager - Fetching data from YFinance for LINK-USD with interval 1d
2025-03-03 22:04:03,846 - ERROR - Scripts.data_manager - Error fetching data from YFinance for LINK-USD: YFinance returned empty data for LINK-USD
Traceback (most recent call last):
  File "c:\Users\clubs\Desktop\Prediction Model\Scripts\data_manager.py", line 219, in fetch_ticker_data_yfinance
    raise DataFetchError(f"YFinance returned empty data for {ticker}")
Scripts.data_manager.DataFetchError: YFinance returned empty data for LINK-USD

2025-03-03 22:04:03,849 - WARNING - Scripts.data_manager - Fetch attempt 2 failed for LINK-USD: Failed to fetch data from YFinance for LINK-USD: YFinance returned empty data for LINK-USD
2025-03-03 22:04:03,850 - INFO - Scripts.data_manager - Retrying in 4 seconds...
2025-03-03 22:04:04,207 - INFO - launcher - Launcher cleanup completed
2025-03-03 22:04:04,208 - INFO - Scripts.robust_handler - Running shutdown callback: stop_processing
2025-03-03 22:04:04,208 - INFO - Scripts.data_manager - Data processing job stop requested
2025-03-03 22:04:04,209 - INFO - Scripts.robust_handler - Waiting for thread to finish: DataProcessor
2025-03-03 22:04:07,856 - INFO - Scripts.data_manager - Fetching data from Finnhub for LINK-USD with interval 1d
2025-03-03 22:04:08,417 - ERROR - Scripts.data_manager - Error fetching data from Finnhub for LINK-USD: FinnhubAPIException(status_code: 403): You don't have access to this resource.
2025-03-03 22:04:08,419 - INFO - Scripts.data_manager - Falling back to YFinance for LINK-USD
2025-03-03 22:04:08,420 - INFO - Scripts.data_manager - Fetching data from YFinance for LINK-USD with interval 1d
2025-03-03 22:04:09,029 - ERROR - Scripts.data_manager - Error fetching data from YFinance for LINK-USD: YFinance returned empty data for LINK-USD
Traceback (most recent call last):
  File "c:\Users\clubs\Desktop\Prediction Model\Scripts\data_manager.py", line 219, in fetch_ticker_data_yfinance
    raise DataFetchError(f"YFinance returned empty data for {ticker}")
Scripts.data_manager.DataFetchError: YFinance returned empty data for LINK-USD

2025-03-03 22:04:09,031 - WARNING - Scripts.data_manager - Fetch attempt 3 failed for LINK-USD: Failed to fetch data from YFinance for LINK-USD: YFinance returned empty data for LINK-USD
2025-03-03 22:04:09,032 - INFO - Scripts.data_manager - Retrying in 8 seconds...
2025-03-03 22:04:09,213 - INFO - Scripts.robust_handler - Received signal SIGINT
2025-03-03 22:04:09,214 - INFO - Scripts.robust_handler - Shutdown already initiated. Ignoring request from Signal SIGINT
2025-03-03 22:04:09,215 - INFO - Scripts.robust_handler - Graceful shutdown completed
2025-03-03 22:04:10,108 - INFO - Scripts.robust_handler - Received signal SIGINT
2025-03-03 22:04:10,109 - INFO - Scripts.robust_handler - Received signal SIGINT
2025-03-03 22:04:10,120 - INFO - Scripts.robust_handler - Shutdown already initiated. Ignoring request from Signal SIGINT
2025-03-03 22:04:17,042 - INFO - Scripts.data_manager - Fetching data from Finnhub for LINK-USD with interval 1d
2025-03-03 22:04:17,724 - ERROR - Scripts.data_manager - Error fetching data from Finnhub for LINK-USD: FinnhubAPIException(status_code: 403): You don't have access to this resource.
2025-03-03 22:04:17,728 - INFO - Scripts.data_manager - Falling back to YFinance for LINK-USD
2025-03-03 22:04:17,729 - INFO - Scripts.data_manager - Fetching data from YFinance for LINK-USD with interval 1d
2025-03-03 22:04:18,448 - ERROR - Scripts.data_manager - Error fetching data from YFinance for LINK-USD: YFinance returned empty data for LINK-USD
Traceback (most recent call last):
  File "c:\Users\clubs\Desktop\Prediction Model\Scripts\data_manager.py", line 219, in fetch_ticker_data_yfinance
    raise DataFetchError(f"YFinance returned empty data for {ticker}")
Scripts.data_manager.DataFetchError: YFinance returned empty data for LINK-USD

2025-03-03 22:04:18,452 - WARNING - Scripts.data_manager - Fetch attempt 4 failed for LINK-USD: Failed to fetch data from YFinance for LINK-USD: YFinance returned empty data for LINK-USD
2025-03-03 22:04:18,453 - ERROR - Scripts.data_manager - All 4 attempts failed for LINK-USD
2025-03-03 22:04:18,454 - ERROR - Scripts.data_manager - Error processing ticker LINK-USD: Failed to fetch data after 4 attempts
2025-03-03 22:04:18,455 - INFO - Scripts.data_manager - Processing LTC-USD (4/29)
2025-03-03 22:04:18,455 - INFO - Scripts.data_manager - Fetching data from Finnhub for LTC-USD with interval 1d
2025-03-03 22:04:19,206 - ERROR - Scripts.data_manager - Error fetching data from Finnhub for LTC-USD: FinnhubAPIException(status_code: 403): You don't have access to this resource.
2025-03-03 22:04:19,208 - INFO - Scripts.data_manager - Falling back to YFinance for LTC-USD
2025-03-03 22:04:19,209 - INFO - Scripts.data_manager - Fetching data from YFinance for LTC-USD with interval 1d
2025-03-03 22:04:19,903 - ERROR - Scripts.data_manager - Error fetching data from YFinance for LTC-USD: YFinance returned empty data for LTC-USD
Traceback (most recent call last):
  File "c:\Users\clubs\Desktop\Prediction Model\Scripts\data_manager.py", line 219, in fetch_ticker_data_yfinance
    raise DataFetchError(f"YFinance returned empty data for {ticker}")
Scripts.data_manager.DataFetchError: YFinance returned empty data for LTC-USD

2025-03-03 22:04:19,906 - WARNING - Scripts.data_manager - Fetch attempt 1 failed for LTC-USD: Failed to fetch data from YFinance for LTC-USD: YFinance returned empty data for LTC-USD
2025-03-03 22:04:19,907 - INFO - Scripts.data_manager - Retrying in 2 seconds...
2025-03-03 22:04:21,912 - INFO - Scripts.data_manager - Fetching data from Finnhub for LTC-USD with interval 1d
2025-03-03 22:04:22,547 - ERROR - Scripts.data_manager - Error fetching data from Finnhub for LTC-USD: FinnhubAPIException(status_code: 403): You don't have access to this resource.
2025-03-03 22:04:22,550 - INFO - Scripts.data_manager - Falling back to YFinance for LTC-USD
2025-03-03 22:04:22,551 - INFO - Scripts.data_manager - Fetching data from YFinance for LTC-USD with interval 1d
2025-03-03 22:04:23,268 - ERROR - Scripts.data_manager - Error fetching data from YFinance for LTC-USD: YFinance returned empty data for LTC-USD
Traceback (most recent call last):
  File "c:\Users\clubs\Desktop\Prediction Model\Scripts\data_manager.py", line 219, in fetch_ticker_data_yfinance
    raise DataFetchError(f"YFinance returned empty data for {ticker}")
Scripts.data_manager.DataFetchError: YFinance returned empty data for LTC-USD

2025-03-03 22:04:23,271 - WARNING - Scripts.data_manager - Fetch attempt 2 failed for LTC-USD: Failed to fetch data from YFinance for LTC-USD: YFinance returned empty data for LTC-USD
2025-03-03 22:04:23,271 - INFO - Scripts.data_manager - Retrying in 4 seconds...
2025-03-03 22:04:27,277 - INFO - Scripts.data_manager - Fetching data from Finnhub for LTC-USD with interval 1d
2025-03-03 22:04:27,876 - ERROR - Scripts.data_manager - Error fetching data from Finnhub for LTC-USD: FinnhubAPIException(status_code: 403): You don't have access to this resource.
2025-03-03 22:04:27,878 - INFO - Scripts.data_manager - Falling back to YFinance for LTC-USD
2025-03-03 22:04:27,879 - INFO - Scripts.data_manager - Fetching data from YFinance for LTC-USD with interval 1d
2025-03-03 22:04:28,526 - ERROR - Scripts.data_manager - Error fetching data from YFinance for LTC-USD: YFinance returned empty data for LTC-USD
Traceback (most recent call last):
  File "c:\Users\clubs\Desktop\Prediction Model\Scripts\data_manager.py", line 219, in fetch_ticker_data_yfinance
    raise DataFetchError(f"YFinance returned empty data for {ticker}")
Scripts.data_manager.DataFetchError: YFinance returned empty data for LTC-USD

2025-03-03 22:04:28,529 - WARNING - Scripts.data_manager - Fetch attempt 3 failed for LTC-USD: Failed to fetch data from YFinance for LTC-USD: YFinance returned empty data for LTC-USD
2025-03-03 22:04:28,530 - INFO - Scripts.data_manager - Retrying in 8 seconds...
2025-03-03 22:04:36,541 - INFO - Scripts.data_manager - Fetching data from Finnhub for LTC-USD with interval 1d
2025-03-03 22:04:37,190 - ERROR - Scripts.data_manager - Error fetching data from Finnhub for LTC-USD: FinnhubAPIException(status_code: 403): You don't have access to this resource.
2025-03-03 22:04:37,194 - INFO - Scripts.data_manager - Falling back to YFinance for LTC-USD
2025-03-03 22:04:37,195 - INFO - Scripts.data_manager - Fetching data from YFinance for LTC-USD with interval 1d
2025-03-03 22:04:37,934 - ERROR - Scripts.data_manager - Error fetching data from YFinance for LTC-USD: YFinance returned empty data for LTC-USD
Traceback (most recent call last):
  File "c:\Users\clubs\Desktop\Prediction Model\Scripts\data_manager.py", line 219, in fetch_ticker_data_yfinance
    raise DataFetchError(f"YFinance returned empty data for {ticker}")
Scripts.data_manager.DataFetchError: YFinance returned empty data for LTC-USD

2025-03-03 22:04:37,937 - WARNING - Scripts.data_manager - Fetch attempt 4 failed for LTC-USD: Failed to fetch data from YFinance for LTC-USD: YFinance returned empty data for LTC-USD
2025-03-03 22:04:37,938 - ERROR - Scripts.data_manager - All 4 attempts failed for LTC-USD
2025-03-03 22:04:37,938 - ERROR - Scripts.data_manager - Error processing ticker LTC-USD: Failed to fetch data after 4 attempts
2025-03-03 22:04:37,940 - INFO - Scripts.data_manager - Processing AAVE-USD (5/29)
2025-03-03 22:04:37,941 - INFO - Scripts.data_manager - Fetching data from Finnhub for AAVE-USD with interval 1d
2025-03-03 22:04:38,557 - ERROR - Scripts.data_manager - Error fetching data from Finnhub for AAVE-USD: FinnhubAPIException(status_code: 403): You don't have access to this resource.
2025-03-03 22:04:38,560 - INFO - Scripts.data_manager - Falling back to YFinance for AAVE-USD
2025-03-03 22:04:38,561 - INFO - Scripts.data_manager - Fetching data from YFinance for AAVE-USD with interval 1d
2025-03-03 22:04:39,412 - ERROR - Scripts.data_manager - Error fetching data from YFinance for AAVE-USD: YFinance returned empty data for AAVE-USD
Traceback (most recent call last):
  File "c:\Users\clubs\Desktop\Prediction Model\Scripts\data_manager.py", line 219, in fetch_ticker_data_yfinance
    raise DataFetchError(f"YFinance returned empty data for {ticker}")
Scripts.data_manager.DataFetchError: YFinance returned empty data for AAVE-USD

2025-03-03 22:04:39,415 - WARNING - Scripts.data_manager - Fetch attempt 1 failed for AAVE-USD: Failed to fetch data from YFinance for AAVE-USD: YFinance returned empty data for AAVE-USD
2025-03-03 22:04:39,416 - INFO - Scripts.data_manager - Retrying in 2 seconds...
2025-03-03 22:04:41,432 - INFO - Scripts.data_manager - Fetching data from Finnhub for AAVE-USD with interval 1d
2025-03-03 22:04:42,049 - ERROR - Scripts.data_manager - Error fetching data from Finnhub for AAVE-USD: FinnhubAPIException(status_code: 403): You don't have access to this resource.
2025-03-03 22:04:42,051 - INFO - Scripts.data_manager - Falling back to YFinance for AAVE-USD
2025-03-03 22:04:42,052 - INFO - Scripts.data_manager - Fetching data from YFinance for AAVE-USD with interval 1d
2025-03-03 22:04:42,683 - ERROR - Scripts.data_manager - Error fetching data from YFinance for AAVE-USD: YFinance returned empty data for AAVE-USD
Traceback (most recent call last):
  File "c:\Users\clubs\Desktop\Prediction Model\Scripts\data_manager.py", line 219, in fetch_ticker_data_yfinance
    raise DataFetchError(f"YFinance returned empty data for {ticker}")
Scripts.data_manager.DataFetchError: YFinance returned empty data for AAVE-USD

2025-03-03 22:04:42,686 - WARNING - Scripts.data_manager - Fetch attempt 2 failed for AAVE-USD: Failed to fetch data from YFinance for AAVE-USD: YFinance returned empty data for AAVE-USD
2025-03-03 22:04:42,687 - INFO - Scripts.data_manager - Retrying in 4 seconds...
2025-03-03 22:04:46,689 - INFO - Scripts.data_manager - Fetching data from Finnhub for AAVE-USD with interval 1d
2025-03-03 22:04:47,288 - ERROR - Scripts.data_manager - Error fetching data from Finnhub for AAVE-USD: FinnhubAPIException(status_code: 403): You don't have access to this resource.
2025-03-03 22:04:47,291 - INFO - Scripts.data_manager - Falling back to YFinance for AAVE-USD
2025-03-03 22:04:47,292 - INFO - Scripts.data_manager - Fetching data from YFinance for AAVE-USD with interval 1d
2025-03-03 22:04:47,937 - ERROR - Scripts.data_manager - Error fetching data from YFinance for AAVE-USD: YFinance returned empty data for AAVE-USD
Traceback (most recent call last):
  File "c:\Users\clubs\Desktop\Prediction Model\Scripts\data_manager.py", line 219, in fetch_ticker_data_yfinance
    raise DataFetchError(f"YFinance returned empty data for {ticker}")
Scripts.data_manager.DataFetchError: YFinance returned empty data for AAVE-USD

2025-03-03 22:04:47,939 - WARNING - Scripts.data_manager - Fetch attempt 3 failed for AAVE-USD: Failed to fetch data from YFinance for AAVE-USD: YFinance returned empty data for AAVE-USD
2025-03-03 22:04:47,941 - INFO - Scripts.data_manager - Retrying in 8 seconds...
2025-03-03 22:04:55,948 - INFO - Scripts.data_manager - Fetching data from Finnhub for AAVE-USD with interval 1d
2025-03-03 22:04:56,551 - ERROR - Scripts.data_manager - Error fetching data from Finnhub for AAVE-USD: FinnhubAPIException(status_code: 403): You don't have access to this resource.
2025-03-03 22:04:56,553 - INFO - Scripts.data_manager - Falling back to YFinance for AAVE-USD
2025-03-03 22:04:56,554 - INFO - Scripts.data_manager - Fetching data from YFinance for AAVE-USD with interval 1d
2025-03-03 22:04:57,231 - ERROR - Scripts.data_manager - Error fetching data from YFinance for AAVE-USD: YFinance returned empty data for AAVE-USD
Traceback (most recent call last):
  File "c:\Users\clubs\Desktop\Prediction Model\Scripts\data_manager.py", line 219, in fetch_ticker_data_yfinance
    raise DataFetchError(f"YFinance returned empty data for {ticker}")
Scripts.data_manager.DataFetchError: YFinance returned empty data for AAVE-USD

2025-03-03 22:04:57,234 - WARNING - Scripts.data_manager - Fetch attempt 4 failed for AAVE-USD: Failed to fetch data from YFinance for AAVE-USD: YFinance returned empty data for AAVE-USD
2025-03-03 22:04:57,235 - ERROR - Scripts.data_manager - All 4 attempts failed for AAVE-USD
2025-03-03 22:04:57,236 - ERROR - Scripts.data_manager - Error processing ticker AAVE-USD: Failed to fetch data after 4 attempts
2025-03-03 22:04:57,237 - INFO - Scripts.data_manager - Processing AVAX-USD (6/29)
2025-03-03 22:04:57,238 - INFO - Scripts.data_manager - Fetching data from Finnhub for AVAX-USD with interval 1d
2025-03-03 22:04:57,840 - ERROR - Scripts.data_manager - Error fetching data from Finnhub for AVAX-USD: FinnhubAPIException(status_code: 403): You don't have access to this resource.
2025-03-03 22:04:57,842 - INFO - Scripts.data_manager - Falling back to YFinance for AVAX-USD
2025-03-03 22:04:57,843 - INFO - Scripts.data_manager - Fetching data from YFinance for AVAX-USD with interval 1d
2025-03-03 22:04:58,479 - ERROR - Scripts.data_manager - Error fetching data from YFinance for AVAX-USD: YFinance returned empty data for AVAX-USD
Traceback (most recent call last):
  File "c:\Users\clubs\Desktop\Prediction Model\Scripts\data_manager.py", line 219, in fetch_ticker_data_yfinance
    raise DataFetchError(f"YFinance returned empty data for {ticker}")
Scripts.data_manager.DataFetchError: YFinance returned empty data for AVAX-USD

2025-03-03 22:04:58,483 - WARNING - Scripts.data_manager - Fetch attempt 1 failed for AVAX-USD: Failed to fetch data from YFinance for AVAX-USD: YFinance returned empty data for AVAX-USD
2025-03-03 22:04:58,483 - INFO - Scripts.data_manager - Retrying in 2 seconds...
2025-03-03 22:05:00,489 - INFO - Scripts.data_manager - Fetching data from Finnhub for AVAX-USD with interval 1d
2025-03-03 22:05:01,076 - ERROR - Scripts.data_manager - Error fetching data from Finnhub for AVAX-USD: FinnhubAPIException(status_code: 403): You don't have access to this resource.
2025-03-03 22:05:01,079 - INFO - Scripts.data_manager - Falling back to YFinance for AVAX-USD
2025-03-03 22:05:01,079 - INFO - Scripts.data_manager - Fetching data from YFinance for AVAX-USD with interval 1d
2025-03-03 22:05:01,700 - ERROR - Scripts.data_manager - Error fetching data from YFinance for AVAX-USD: YFinance returned empty data for AVAX-USD
Traceback (most recent call last):
  File "c:\Users\clubs\Desktop\Prediction Model\Scripts\data_manager.py", line 219, in fetch_ticker_data_yfinance
    raise DataFetchError(f"YFinance returned empty data for {ticker}")
Scripts.data_manager.DataFetchError: YFinance returned empty data for AVAX-USD

2025-03-03 22:05:01,703 - WARNING - Scripts.data_manager - Fetch attempt 2 failed for AVAX-USD: Failed to fetch data from YFinance for AVAX-USD: YFinance returned empty data for AVAX-USD
2025-03-03 22:05:01,704 - INFO - Scripts.data_manager - Retrying in 4 seconds...
2025-03-03 22:05:05,714 - INFO - Scripts.data_manager - Fetching data from Finnhub for AVAX-USD with interval 1d
2025-03-03 22:05:06,332 - ERROR - Scripts.data_manager - Error fetching data from Finnhub for AVAX-USD: FinnhubAPIException(status_code: 403): You don't have access to this resource.
2025-03-03 22:05:06,335 - INFO - Scripts.data_manager - Falling back to YFinance for AVAX-USD
2025-03-03 22:05:06,336 - INFO - Scripts.data_manager - Fetching data from YFinance for AVAX-USD with interval 1d
2025-03-03 22:05:06,978 - ERROR - Scripts.data_manager - Error fetching data from YFinance for AVAX-USD: YFinance returned empty data for AVAX-USD
Traceback (most recent call last):
  File "c:\Users\clubs\Desktop\Prediction Model\Scripts\data_manager.py", line 219, in fetch_ticker_data_yfinance
    raise DataFetchError(f"YFinance returned empty data for {ticker}")
Scripts.data_manager.DataFetchError: YFinance returned empty data for AVAX-USD

2025-03-03 22:05:06,981 - WARNING - Scripts.data_manager - Fetch attempt 3 failed for AVAX-USD: Failed to fetch data from YFinance for AVAX-USD: YFinance returned empty data for AVAX-USD
2025-03-03 22:05:06,982 - INFO - Scripts.data_manager - Retrying in 8 seconds...
2025-03-03 22:05:14,997 - INFO - Scripts.data_manager - Fetching data from Finnhub for AVAX-USD with interval 1d
2025-03-03 22:05:15,678 - ERROR - Scripts.data_manager - Error fetching data from Finnhub for AVAX-USD: FinnhubAPIException(status_code: 403): You don't have access to this resource.
2025-03-03 22:05:15,681 - INFO - Scripts.data_manager - Falling back to YFinance for AVAX-USD
2025-03-03 22:05:15,682 - INFO - Scripts.data_manager - Fetching data from YFinance for AVAX-USD with interval 1d
2025-03-03 22:05:16,345 - ERROR - Scripts.data_manager - Error fetching data from YFinance for AVAX-USD: YFinance returned empty data for AVAX-USD
Traceback (most recent call last):
  File "c:\Users\clubs\Desktop\Prediction Model\Scripts\data_manager.py", line 219, in fetch_ticker_data_yfinance
    raise DataFetchError(f"YFinance returned empty data for {ticker}")
Scripts.data_manager.DataFetchError: YFinance returned empty data for AVAX-USD

2025-03-03 22:05:16,348 - WARNING - Scripts.data_manager - Fetch attempt 4 failed for AVAX-USD: Failed to fetch data from YFinance for AVAX-USD: YFinance returned empty data for AVAX-USD
2025-03-03 22:05:16,349 - ERROR - Scripts.data_manager - All 4 attempts failed for AVAX-USD
2025-03-03 22:05:16,350 - ERROR - Scripts.data_manager - Error processing ticker AVAX-USD: Failed to fetch data after 4 attempts
2025-03-03 22:05:16,351 - INFO - Scripts.data_manager - Processing SOL-USD (7/29)
2025-03-03 22:05:16,352 - INFO - Scripts.data_manager - Fetching data from Finnhub for SOL-USD with interval 1d
2025-03-03 22:05:16,984 - ERROR - Scripts.data_manager - Error fetching data from Finnhub for SOL-USD: FinnhubAPIException(status_code: 403): You don't have access to this resource.
2025-03-03 22:05:16,987 - INFO - Scripts.data_manager - Falling back to YFinance for SOL-USD
2025-03-03 22:05:16,988 - INFO - Scripts.data_manager - Fetching data from YFinance for SOL-USD with interval 1d
2025-03-03 22:05:17,710 - ERROR - Scripts.data_manager - Error fetching data from YFinance for SOL-USD: YFinance returned empty data for SOL-USD
Traceback (most recent call last):
  File "c:\Users\clubs\Desktop\Prediction Model\Scripts\data_manager.py", line 219, in fetch_ticker_data_yfinance
    raise DataFetchError(f"YFinance returned empty data for {ticker}")
Scripts.data_manager.DataFetchError: YFinance returned empty data for SOL-USD

2025-03-03 22:05:17,711 - WARNING - Scripts.data_manager - Fetch attempt 1 failed for SOL-USD: Failed to fetch data from YFinance for SOL-USD: YFinance returned empty data for SOL-USD
2025-03-03 22:05:17,712 - INFO - Scripts.data_manager - Retrying in 2 seconds...
2025-03-03 22:05:19,716 - INFO - Scripts.data_manager - Fetching data from Finnhub for SOL-USD with interval 1d
2025-03-03 22:05:20,401 - ERROR - Scripts.data_manager - Error fetching data from Finnhub for SOL-USD: FinnhubAPIException(status_code: 403): You don't have access to this resource.
2025-03-03 22:05:20,404 - INFO - Scripts.data_manager - Falling back to YFinance for SOL-USD
2025-03-03 22:05:20,405 - INFO - Scripts.data_manager - Fetching data from YFinance for SOL-USD with interval 1d
2025-03-03 22:05:21,246 - ERROR - Scripts.data_manager - Error fetching data from YFinance for SOL-USD: YFinance returned empty data for SOL-USD
Traceback (most recent call last):
  File "c:\Users\clubs\Desktop\Prediction Model\Scripts\data_manager.py", line 219, in fetch_ticker_data_yfinance
    raise DataFetchError(f"YFinance returned empty data for {ticker}")
Scripts.data_manager.DataFetchError: YFinance returned empty data for SOL-USD

2025-03-03 22:05:21,249 - WARNING - Scripts.data_manager - Fetch attempt 2 failed for SOL-USD: Failed to fetch data from YFinance for SOL-USD: YFinance returned empty data for SOL-USD
2025-03-03 22:05:21,249 - INFO - Scripts.data_manager - Retrying in 4 seconds...
2025-03-03 22:05:25,258 - INFO - Scripts.data_manager - Fetching data from Finnhub for SOL-USD with interval 1d
2025-03-03 22:05:25,889 - ERROR - Scripts.data_manager - Error fetching data from Finnhub for SOL-USD: FinnhubAPIException(status_code: 403): You don't have access to this resource.
2025-03-03 22:05:25,891 - INFO - Scripts.data_manager - Falling back to YFinance for SOL-USD
2025-03-03 22:05:25,892 - INFO - Scripts.data_manager - Fetching data from YFinance for SOL-USD with interval 1d
2025-03-03 22:05:26,766 - ERROR - Scripts.data_manager - Error fetching data from YFinance for SOL-USD: YFinance returned empty data for SOL-USD
Traceback (most recent call last):
  File "c:\Users\clubs\Desktop\Prediction Model\Scripts\data_manager.py", line 219, in fetch_ticker_data_yfinance
    raise DataFetchError(f"YFinance returned empty data for {ticker}")
Scripts.data_manager.DataFetchError: YFinance returned empty data for SOL-USD

2025-03-03 22:05:26,770 - WARNING - Scripts.data_manager - Fetch attempt 3 failed for SOL-USD: Failed to fetch data from YFinance for SOL-USD: YFinance returned empty data for SOL-USD
2025-03-03 22:05:26,772 - INFO - Scripts.data_manager - Retrying in 8 seconds...
2025-03-03 22:05:34,779 - INFO - Scripts.data_manager - Fetching data from Finnhub for SOL-USD with interval 1d
2025-03-03 22:05:35,397 - ERROR - Scripts.data_manager - Error fetching data from Finnhub for SOL-USD: FinnhubAPIException(status_code: 403): You don't have access to this resource.
2025-03-03 22:05:35,399 - INFO - Scripts.data_manager - Falling back to YFinance for SOL-USD
2025-03-03 22:05:35,400 - INFO - Scripts.data_manager - Fetching data from YFinance for SOL-USD with interval 1d
2025-03-03 22:05:36,069 - ERROR - Scripts.data_manager - Error fetching data from YFinance for SOL-USD: YFinance returned empty data for SOL-USD
Traceback (most recent call last):
  File "c:\Users\clubs\Desktop\Prediction Model\Scripts\data_manager.py", line 219, in fetch_ticker_data_yfinance
    raise DataFetchError(f"YFinance returned empty data for {ticker}")
Scripts.data_manager.DataFetchError: YFinance returned empty data for SOL-USD

2025-03-03 22:05:36,072 - WARNING - Scripts.data_manager - Fetch attempt 4 failed for SOL-USD: Failed to fetch data from YFinance for SOL-USD: YFinance returned empty data for SOL-USD
2025-03-03 22:05:36,073 - ERROR - Scripts.data_manager - All 4 attempts failed for SOL-USD
2025-03-03 22:05:36,074 - ERROR - Scripts.data_manager - Error processing ticker SOL-USD: Failed to fetch data after 4 attempts
2025-03-03 22:05:36,075 - INFO - Scripts.data_manager - Processing MATIC-USD (8/29)
2025-03-03 22:05:36,076 - INFO - Scripts.data_manager - Fetching data from Finnhub for MATIC-USD with interval 1d
2025-03-03 22:05:36,712 - ERROR - Scripts.data_manager - Error fetching data from Finnhub for MATIC-USD: FinnhubAPIException(status_code: 403): You don't have access to this resource.
2025-03-03 22:05:36,743 - INFO - Scripts.data_manager - Falling back to YFinance for MATIC-USD
2025-03-03 22:05:36,743 - INFO - Scripts.data_manager - Fetching data from YFinance for MATIC-USD with interval 1d
2025-03-03 22:05:37,442 - ERROR - Scripts.data_manager - Error fetching data from YFinance for MATIC-USD: YFinance returned empty data for MATIC-USD
Traceback (most recent call last):
  File "c:\Users\clubs\Desktop\Prediction Model\Scripts\data_manager.py", line 219, in fetch_ticker_data_yfinance
    raise DataFetchError(f"YFinance returned empty data for {ticker}")
Scripts.data_manager.DataFetchError: YFinance returned empty data for MATIC-USD

2025-03-03 22:05:37,445 - WARNING - Scripts.data_manager - Fetch attempt 1 failed for MATIC-USD: Failed to fetch data from YFinance for MATIC-USD: YFinance returned empty data for MATIC-USD
2025-03-03 22:05:37,446 - INFO - Scripts.data_manager - Retrying in 2 seconds...
2025-03-03 22:05:39,448 - INFO - Scripts.data_manager - Fetching data from Finnhub for MATIC-USD with interval 1d
2025-03-03 22:05:40,084 - ERROR - Scripts.data_manager - Error fetching data from Finnhub for MATIC-USD: FinnhubAPIException(status_code: 403): You don't have access to this resource.
2025-03-03 22:05:40,086 - INFO - Scripts.data_manager - Falling back to YFinance for MATIC-USD
2025-03-03 22:05:40,087 - INFO - Scripts.data_manager - Fetching data from YFinance for MATIC-USD with interval 1d
2025-03-03 22:05:40,746 - ERROR - Scripts.data_manager - Error fetching data from YFinance for MATIC-USD: YFinance returned empty data for MATIC-USD
Traceback (most recent call last):
  File "c:\Users\clubs\Desktop\Prediction Model\Scripts\data_manager.py", line 219, in fetch_ticker_data_yfinance
    raise DataFetchError(f"YFinance returned empty data for {ticker}")
Scripts.data_manager.DataFetchError: YFinance returned empty data for MATIC-USD

2025-03-03 22:05:40,749 - WARNING - Scripts.data_manager - Fetch attempt 2 failed for MATIC-USD: Failed to fetch data from YFinance for MATIC-USD: YFinance returned empty data for MATIC-USD
2025-03-03 22:05:40,750 - INFO - Scripts.data_manager - Retrying in 4 seconds...
2025-03-03 22:05:44,767 - INFO - Scripts.data_manager - Fetching data from Finnhub for MATIC-USD with interval 1d
2025-03-03 22:05:45,412 - ERROR - Scripts.data_manager - Error fetching data from Finnhub for MATIC-USD: FinnhubAPIException(status_code: 403): You don't have access to this resource.
2025-03-03 22:05:45,415 - INFO - Scripts.data_manager - Falling back to YFinance for MATIC-USD
2025-03-03 22:05:45,416 - INFO - Scripts.data_manager - Fetching data from YFinance for MATIC-USD with interval 1d
2025-03-03 22:05:46,074 - ERROR - Scripts.data_manager - Error fetching data from YFinance for MATIC-USD: YFinance returned empty data for MATIC-USD
Traceback (most recent call last):
  File "c:\Users\clubs\Desktop\Prediction Model\Scripts\data_manager.py", line 219, in fetch_ticker_data_yfinance
    raise DataFetchError(f"YFinance returned empty data for {ticker}")
Scripts.data_manager.DataFetchError: YFinance returned empty data for MATIC-USD

2025-03-03 22:05:46,077 - WARNING - Scripts.data_manager - Fetch attempt 3 failed for MATIC-USD: Failed to fetch data from YFinance for MATIC-USD: YFinance returned empty data for MATIC-USD
2025-03-03 22:05:46,077 - INFO - Scripts.data_manager - Retrying in 8 seconds...
2025-03-03 22:05:54,091 - INFO - Scripts.data_manager - Fetching data from Finnhub for MATIC-USD with interval 1d
2025-03-03 22:05:54,718 - ERROR - Scripts.data_manager - Error fetching data from Finnhub for MATIC-USD: FinnhubAPIException(status_code: 403): You don't have access to this resource.
2025-03-03 22:05:54,720 - INFO - Scripts.data_manager - Falling back to YFinance for MATIC-USD
2025-03-03 22:05:54,720 - INFO - Scripts.data_manager - Fetching data from YFinance for MATIC-USD with interval 1d
2025-03-03 22:05:55,376 - ERROR - Scripts.data_manager - Error fetching data from YFinance for MATIC-USD: YFinance returned empty data for MATIC-USD
Traceback (most recent call last):
  File "c:\Users\clubs\Desktop\Prediction Model\Scripts\data_manager.py", line 219, in fetch_ticker_data_yfinance
    raise DataFetchError(f"YFinance returned empty data for {ticker}")
Scripts.data_manager.DataFetchError: YFinance returned empty data for MATIC-USD

2025-03-03 22:05:55,379 - WARNING - Scripts.data_manager - Fetch attempt 4 failed for MATIC-USD: Failed to fetch data from YFinance for MATIC-USD: YFinance returned empty data for MATIC-USD
2025-03-03 22:05:55,380 - ERROR - Scripts.data_manager - All 4 attempts failed for MATIC-USD
2025-03-03 22:05:55,381 - ERROR - Scripts.data_manager - Error processing ticker MATIC-USD: Failed to fetch data after 4 attempts
2025-03-03 22:05:55,382 - INFO - Scripts.data_manager - Processing RVN-USD (9/29)
2025-03-03 22:05:55,383 - INFO - Scripts.data_manager - Fetching data from Finnhub for RVN-USD with interval 1d
2025-03-03 22:05:56,005 - ERROR - Scripts.data_manager - Error fetching data from Finnhub for RVN-USD: FinnhubAPIException(status_code: 403): You don't have access to this resource.
2025-03-03 22:05:56,007 - INFO - Scripts.data_manager - Falling back to YFinance for RVN-USD
2025-03-03 22:05:56,008 - INFO - Scripts.data_manager - Fetching data from YFinance for RVN-USD with interval 1d
2025-03-03 22:05:56,683 - ERROR - Scripts.data_manager - Error fetching data from YFinance for RVN-USD: YFinance returned empty data for RVN-USD
Traceback (most recent call last):
  File "c:\Users\clubs\Desktop\Prediction Model\Scripts\data_manager.py", line 219, in fetch_ticker_data_yfinance
    raise DataFetchError(f"YFinance returned empty data for {ticker}")
Scripts.data_manager.DataFetchError: YFinance returned empty data for RVN-USD

2025-03-03 22:05:56,686 - WARNING - Scripts.data_manager - Fetch attempt 1 failed for RVN-USD: Failed to fetch data from YFinance for RVN-USD: YFinance returned empty data for RVN-USD
2025-03-03 22:05:56,687 - INFO - Scripts.data_manager - Retrying in 2 seconds...
2025-03-03 22:05:58,699 - INFO - Scripts.data_manager - Fetching data from Finnhub for RVN-USD with interval 1d
2025-03-03 22:05:59,343 - ERROR - Scripts.data_manager - Error fetching data from Finnhub for RVN-USD: FinnhubAPIException(status_code: 403): You don't have access to this resource.
2025-03-03 22:05:59,346 - INFO - Scripts.data_manager - Falling back to YFinance for RVN-USD
2025-03-03 22:05:59,347 - INFO - Scripts.data_manager - Fetching data from YFinance for RVN-USD with interval 1d
2025-03-03 22:05:59,996 - ERROR - Scripts.data_manager - Error fetching data from YFinance for RVN-USD: YFinance returned empty data for RVN-USD
Traceback (most recent call last):
  File "c:\Users\clubs\Desktop\Prediction Model\Scripts\data_manager.py", line 219, in fetch_ticker_data_yfinance
    raise DataFetchError(f"YFinance returned empty data for {ticker}")
Scripts.data_manager.DataFetchError: YFinance returned empty data for RVN-USD

2025-03-03 22:05:59,999 - WARNING - Scripts.data_manager - Fetch attempt 2 failed for RVN-USD: Failed to fetch data from YFinance for RVN-USD: YFinance returned empty data for RVN-USD
2025-03-03 22:06:00,000 - INFO - Scripts.data_manager - Retrying in 4 seconds...
2025-03-03 22:06:04,002 - INFO - Scripts.data_manager - Fetching data from Finnhub for RVN-USD with interval 1d
2025-03-03 22:06:04,768 - ERROR - Scripts.data_manager - Error fetching data from Finnhub for RVN-USD: FinnhubAPIException(status_code: 403): You don't have access to this resource.
2025-03-03 22:06:04,770 - INFO - Scripts.data_manager - Falling back to YFinance for RVN-USD
2025-03-03 22:06:04,770 - INFO - Scripts.data_manager - Fetching data from YFinance for RVN-USD with interval 1d
2025-03-03 22:06:05,433 - ERROR - Scripts.data_manager - Error fetching data from YFinance for RVN-USD: YFinance returned empty data for RVN-USD
Traceback (most recent call last):
  File "c:\Users\clubs\Desktop\Prediction Model\Scripts\data_manager.py", line 219, in fetch_ticker_data_yfinance
    raise DataFetchError(f"YFinance returned empty data for {ticker}")
Scripts.data_manager.DataFetchError: YFinance returned empty data for RVN-USD

2025-03-03 22:06:05,436 - WARNING - Scripts.data_manager - Fetch attempt 3 failed for RVN-USD: Failed to fetch data from YFinance for RVN-USD: YFinance returned empty data for RVN-USD
2025-03-03 22:06:05,437 - INFO - Scripts.data_manager - Retrying in 8 seconds...
2025-03-03 22:06:13,442 - INFO - Scripts.data_manager - Fetching data from Finnhub for RVN-USD with interval 1d
2025-03-03 22:06:14,228 - ERROR - Scripts.data_manager - Error fetching data from Finnhub for RVN-USD: FinnhubAPIException(status_code: 403): You don't have access to this resource.
2025-03-03 22:06:14,253 - INFO - Scripts.data_manager - Falling back to YFinance for RVN-USD
2025-03-03 22:06:14,259 - INFO - Scripts.data_manager - Fetching data from YFinance for RVN-USD with interval 1d
2025-03-03 22:06:14,998 - ERROR - Scripts.data_manager - Error fetching data from YFinance for RVN-USD: YFinance returned empty data for RVN-USD
Traceback (most recent call last):
  File "c:\Users\clubs\Desktop\Prediction Model\Scripts\data_manager.py", line 219, in fetch_ticker_data_yfinance
    raise DataFetchError(f"YFinance returned empty data for {ticker}")
Scripts.data_manager.DataFetchError: YFinance returned empty data for RVN-USD

2025-03-03 22:06:15,001 - WARNING - Scripts.data_manager - Fetch attempt 4 failed for RVN-USD: Failed to fetch data from YFinance for RVN-USD: YFinance returned empty data for RVN-USD
2025-03-03 22:06:15,002 - ERROR - Scripts.data_manager - All 4 attempts failed for RVN-USD
2025-03-03 22:06:15,003 - ERROR - Scripts.data_manager - Error processing ticker RVN-USD: Failed to fetch data after 4 attempts
2025-03-03 22:06:15,004 - INFO - Scripts.data_manager - Processing GOOGL (10/29)
2025-03-03 22:06:15,006 - INFO - Scripts.data_manager - Fetching data from Finnhub for GOOGL with interval 1d
2025-03-03 22:06:15,723 - ERROR - Scripts.data_manager - Error fetching data from Finnhub for GOOGL: FinnhubAPIException(status_code: 403): You don't have access to this resource.
2025-03-03 22:06:15,725 - INFO - Scripts.data_manager - Falling back to YFinance for GOOGL
2025-03-03 22:06:15,726 - INFO - Scripts.data_manager - Fetching data from YFinance for GOOGL with interval 1d
2025-03-03 22:06:16,432 - ERROR - Scripts.data_manager - Error fetching data from YFinance for GOOGL: YFinance returned empty data for GOOGL
Traceback (most recent call last):
  File "c:\Users\clubs\Desktop\Prediction Model\Scripts\data_manager.py", line 219, in fetch_ticker_data_yfinance
    raise DataFetchError(f"YFinance returned empty data for {ticker}")
Scripts.data_manager.DataFetchError: YFinance returned empty data for GOOGL

2025-03-03 22:06:16,435 - WARNING - Scripts.data_manager - Fetch attempt 1 failed for GOOGL: Failed to fetch data from YFinance for GOOGL: YFinance returned empty data for GOOGL
2025-03-03 22:06:16,436 - INFO - Scripts.data_manager - Retrying in 2 seconds...
2025-03-03 22:06:18,443 - INFO - Scripts.data_manager - Fetching data from Finnhub for GOOGL with interval 1d
2025-03-03 22:06:19,154 - ERROR - Scripts.data_manager - Error fetching data from Finnhub for GOOGL: FinnhubAPIException(status_code: 403): You don't have access to this resource.
2025-03-03 22:06:19,157 - INFO - Scripts.data_manager - Falling back to YFinance for GOOGL
2025-03-03 22:06:19,157 - INFO - Scripts.data_manager - Fetching data from YFinance for GOOGL with interval 1d
2025-03-03 22:06:19,933 - ERROR - Scripts.data_manager - Error fetching data from YFinance for GOOGL: YFinance returned empty data for GOOGL
Traceback (most recent call last):
  File "c:\Users\clubs\Desktop\Prediction Model\Scripts\data_manager.py", line 219, in fetch_ticker_data_yfinance
    raise DataFetchError(f"YFinance returned empty data for {ticker}")
Scripts.data_manager.DataFetchError: YFinance returned empty data for GOOGL

2025-03-03 22:06:19,936 - WARNING - Scripts.data_manager - Fetch attempt 2 failed for GOOGL: Failed to fetch data from YFinance for GOOGL: YFinance returned empty data for GOOGL
2025-03-03 22:06:19,938 - INFO - Scripts.data_manager - Retrying in 4 seconds...
2025-03-03 22:06:21,328 - INFO - Scripts.robust_handler - Received signal SIGINT
2025-03-03 22:06:21,329 - INFO - Scripts.robust_handler - Shutdown already initiated. Ignoring request from Signal SIGINT
2025-03-03 22:06:21,331 - INFO - Scripts.robust_handler - Shutdown already initiated. Ignoring request from Interactive mode exit
2025-03-03 22:06:21,379 - INFO - Scripts.dashboard_shutdown - Dashboard cleanup completed
