2025-03-03 21:17:53,999 - INFO - launcher - Logs will be saved to: c:\Users\clubs\Desktop\Prediction Model\Data\logs\launcher_20250303_211753.log
2025-03-03 21:17:56,196 - INFO - Scripts.dashboard_shutdown - Dashboard shutdown handlers initialized
2025-03-03 21:17:56,199 - INFO - launcher - Launcher initialized
2025-03-03 21:18:08,999 - INFO - launcher - Starting dashboard on port 8501...
2025-03-03 21:18:09,012 - INFO - launcher - Starting log monitor for dashboard
2025-03-03 21:18:11,736 - INFO - launcher - dashboard | 
2025-03-03 21:18:11,737 - INFO - launcher - dashboard | You can now view your Streamlit app in your browser.
2025-03-03 21:18:11,739 - INFO - launcher - dashboard | 
2025-03-03 21:18:11,739 - INFO - launcher - dashboard | URL: http://localhost:8501
2025-03-03 21:18:11,740 - INFO - launcher - dashboard | 
2025-03-03 21:18:12,519 - INFO - launcher - dashboard | 
2025-03-03 21:18:12,520 - INFO - launcher - dashboard | A new version of Streamlit is available.
2025-03-03 21:18:12,521 - INFO - launcher - dashboard | 
2025-03-03 21:18:12,522 - INFO - launcher - dashboard | See what's new at https://discuss.streamlit.io/c/announcements
2025-03-03 21:18:12,523 - INFO - launcher - dashboard | 
2025-03-03 21:18:12,523 - INFO - launcher - dashboard | Enter the following command to upgrade:
2025-03-03 21:18:12,524 - INFO - launcher - dashboard | $ pip install streamlit --upgrade
2025-03-03 21:18:12,524 - INFO - launcher - dashboard | 
2025-03-03 21:18:13,078 - INFO - launcher - Dashboard started on http://localhost:8501
2025-03-03 21:20:38,301 - ERROR - launcher - dashboard stderr | 2025-03-03 21:18:11.612
