2025-03-03 22:01:42,716 - INFO - launcher - Logs will be saved to: c:\Users\clubs\Desktop\Prediction Model\Data\logs\launcher_20250303_220142.log
2025-03-03 22:01:45,059 - INFO - Scripts.dashboard_shutdown - Dashboard shutdown handlers initialized
2025-03-03 22:01:45,062 - INFO - launcher - Launcher initialized
2025-03-03 22:01:48,129 - INFO - launcher - Starting dashboard on port 8501...
2025-03-03 22:01:48,141 - INFO - launcher - Starting log monitor for dashboard
2025-03-03 22:01:51,191 - INFO - launcher - dashboard | 
2025-03-03 22:01:51,192 - INFO - launcher - dashboard | You can now view your Streamlit app in your browser.
2025-03-03 22:01:51,195 - INFO - launcher - dashboard | 
2025-03-03 22:01:51,196 - INFO - launcher - dashboard | URL: http://localhost:8501
2025-03-03 22:01:51,197 - INFO - launcher - dashboard | 
2025-03-03 22:01:52,339 - INFO - launcher - Dashboard started on http://localhost:8501
2025-03-03 22:02:52,866 - INFO - Scripts.robust_handler - Initiating graceful shutdown (source: Interactive mode exit)
2025-03-03 22:02:52,867 - INFO - Scripts.robust_handler - Running shutdown callback: cleanup_dashboard_components
2025-03-03 22:02:52,869 - INFO - Scripts.dashboard_shutdown - Dashboard cleanup completed
2025-03-03 22:02:52,869 - INFO - Scripts.robust_handler - Running shutdown callback: cleanup
2025-03-03 22:02:52,870 - INFO - launcher - Cleaning up launcher resources...
2025-03-03 22:02:52,871 - INFO - launcher - Terminating process: dashboard
2025-03-03 22:02:52,911 - INFO - launcher - Log monitor for dashboard stopped
2025-03-03 22:02:52,957 - INFO - launcher - Launcher cleanup completed
2025-03-03 22:02:52,957 - INFO - Scripts.robust_handler - Graceful shutdown completed
2025-03-03 22:02:52,958 - INFO - Scripts.robust_handler - Shutdown already initiated. Ignoring request from atexit
2025-03-03 22:02:52,960 - INFO - Scripts.dashboard_shutdown - Dashboard cleanup completed
