2025-03-05 19:01:07,983 - prediction_model - INFO - Logging to file: c:\Users\clubs\Desktop\Prediction Model\data\Logs\prediction_model_20250305_190107.log
2025-03-05 19:01:10,056 - prediction_model - ERROR - Error in create_interactive_price_chart: ['date']
Traceback (most recent call last):
  File "c:\Users\clubs\Desktop\Prediction Model\src\dashboard\dashboard\dashboard_visualization.py", line 63, in create_interactive_price_chart
    df = df.dropna(subset=["date"])
  File "C:\Users\clubs\anaconda3\envs\ml_env\lib\site-packages\pandas\util\_decorators.py", line 331, in wrapper
    return func(*args, **kwargs)
  File "C:\Users\clubs\anaconda3\envs\ml_env\lib\site-packages\pandas\core\frame.py", line 6561, in dropna
    raise KeyError(np.array(subset)[check].tolist())
KeyError: ['date']
2025-03-05 19:01:10,107 - prediction_model - ERROR - Error calculating indicators: Cannot set a DataFrame with multiple columns to the single column Volume_Ratio
2025-03-05 19:04:23,013 - prediction_model - ERROR - Error in create_interactive_price_chart: ['date']
Traceback (most recent call last):
  File "c:\Users\clubs\Desktop\Prediction Model\src\dashboard\dashboard\dashboard_visualization.py", line 63, in create_interactive_price_chart
    df = df.dropna(subset=["date"])
  File "C:\Users\clubs\anaconda3\envs\ml_env\lib\site-packages\pandas\util\_decorators.py", line 331, in wrapper
    return func(*args, **kwargs)
  File "C:\Users\clubs\anaconda3\envs\ml_env\lib\site-packages\pandas\core\frame.py", line 6561, in dropna
    raise KeyError(np.array(subset)[check].tolist())
KeyError: ['date']
2025-03-05 19:04:23,091 - prediction_model - ERROR - Error calculating indicators: Cannot set a DataFrame with multiple columns to the single column Volume_Ratio
