2025-02-28 11:45:15,124 - root - INFO - Dashboard launched in a separate thread.
2025-02-28 11:45:15,124 - root - INFO - Performing real-time update on new data... (placeholder)
2025-02-28 11:45:15,125 - root - INFO - Starting the main program...
2025-02-28 11:45:15,138 - yfinance - ERROR - 
1 Failed download:
2025-02-28 11:45:15,138 - yfinance - ERROR - ['ETH-USD']: ValueError("time data '1d' does not match format '%Y-%m-%d'")
2025-02-28 11:58:05,729 - root - INFO - Dashboard launched in a separate thread.
2025-02-28 11:58:05,729 - root - INFO - Performing real-time update on new data... (placeholder)
2025-02-28 11:58:05,740 - root - INFO - Starting the main program...
2025-02-28 11:58:05,752 - yfinance - ERROR - 
1 Failed download:
2025-02-28 11:58:05,753 - yfinance - ERROR - ['ETH-USD']: ValueError("time data '1d' does not match format '%Y-%m-%d'")
2025-02-28 12:08:12,193 - root - INFO - Dashboard launched in a separate thread.
2025-02-28 12:08:12,193 - root - INFO - Performing real-time update on new data... (placeholder)
2025-02-28 12:08:12,193 - root - INFO - Starting the main program...
2025-02-28 12:08:12,205 - yfinance - ERROR - 
1 Failed download:
2025-02-28 12:08:12,206 - yfinance - ERROR - ['ETH-USD']: ValueError("time data '1d' does not match format '%Y-%m-%d'")
2025-02-28 12:35:56,535 - root - INFO - Dashboard launched in a separate thread.
2025-02-28 12:35:56,535 - root - INFO - Performing real-time update on new data... (placeholder)
2025-02-28 12:35:56,535 - root - INFO - Starting the main program...
2025-02-28 12:35:56,547 - yfinance - ERROR - 
1 Failed download:
2025-02-28 12:35:56,547 - yfinance - ERROR - ['ETH-USD']: ValueError("time data '1d' does not match format '%Y-%m-%d'")
2025-02-28 12:35:56,563 - root - ERROR - Data is not a valid DataFrame or is empty.
2025-02-28 12:35:56,563 - root - ERROR - Failed to validate data
2025-02-28 12:47:51,859 - root - INFO - Dashboard launched in a separate thread.
2025-02-28 12:47:51,859 - root - INFO - Performing real-time update on new data... (placeholder)
2025-02-28 12:47:51,859 - root - INFO - Starting the main program...
2025-02-28 12:47:51,872 - yfinance - ERROR - 
1 Failed download:
2025-02-28 12:47:51,872 - yfinance - ERROR - ['ETH-USD']: ValueError("time data '1d' does not match format '%Y-%m-%d'")
2025-02-28 12:47:51,885 - root - ERROR - Data is not a valid DataFrame or is empty.
2025-02-28 12:47:51,885 - root - ERROR - Failed to validate data
2025-02-28 13:29:49,127 - root - INFO - Starting main program...
2025-02-28 13:29:49,130 - root - INFO - Real-time update logic would go here. (placeholder)
2025-02-28 13:39:49,760 - root - INFO - Starting main program...
2025-02-28 13:39:49,763 - root - INFO - Real-time update logic would go here. (placeholder)
2025-02-28 14:20:57,952 - root - INFO - Starting main program...
2025-02-28 14:20:57,955 - root - INFO - Real-time update logic would go here. (placeholder)
